<?xml version="1.0" encoding="UTF-8"?>
<testsuite xmlns:xsi="http://www.w3.org/2001/XMLSchema-instance" xsi:noNamespaceSchemaLocation="https://maven.apache.org/surefire/maven-surefire-plugin/xsd/surefire-test-report.xsd" name="com.cspl.commons.CsplCommonsApplicationTests" time="9.183" tests="1" errors="0" skipped="0" failures="0">
  <properties>
    <property name="sun.desktop" value="windows"/>
    <property name="awt.toolkit" value="sun.awt.windows.WToolkit"/>
    <property name="file.encoding.pkg" value="sun.io"/>
    <property name="java.specification.version" value="1.8"/>
    <property name="sun.cpu.isalist" value="amd64"/>
    <property name="sun.jnu.encoding" value="Cp1252"/>
    <property name="java.class.path" value="C:\Users\apoorv\Desktop\Github\cspl-commons\target\test-classes;C:\Users\apoorv\Desktop\Github\cspl-commons\target\classes;C:\Users\apoorv\.m2\repository\org\springframework\boot\spring-boot-starter-data-mongodb\2.2.6.RELEASE\spring-boot-starter-data-mongodb-2.2.6.RELEASE.jar;C:\Users\apoorv\.m2\repository\org\springframework\boot\spring-boot-starter\2.2.6.RELEASE\spring-boot-starter-2.2.6.RELEASE.jar;C:\Users\apoorv\.m2\repository\org\springframework\boot\spring-boot\2.2.6.RELEASE\spring-boot-2.2.6.RELEASE.jar;C:\Users\apoorv\.m2\repository\org\springframework\boot\spring-boot-autoconfigure\2.2.6.RELEASE\spring-boot-autoconfigure-2.2.6.RELEASE.jar;C:\Users\apoorv\.m2\repository\org\springframework\boot\spring-boot-starter-logging\2.2.6.RELEASE\spring-boot-starter-logging-2.2.6.RELEASE.jar;C:\Users\apoorv\.m2\repository\ch\qos\logback\logback-classic\1.2.3\logback-classic-1.2.3.jar;C:\Users\apoorv\.m2\repository\ch\qos\logback\logback-core\1.2.3\logback-core-1.2.3.jar;C:\Users\apoorv\.m2\repository\org\apache\logging\log4j\log4j-to-slf4j\2.12.1\log4j-to-slf4j-2.12.1.jar;C:\Users\apoorv\.m2\repository\org\apache\logging\log4j\log4j-api\2.12.1\log4j-api-2.12.1.jar;C:\Users\apoorv\.m2\repository\org\slf4j\jul-to-slf4j\1.7.30\jul-to-slf4j-1.7.30.jar;C:\Users\apoorv\.m2\repository\jakarta\annotation\jakarta.annotation-api\1.3.5\jakarta.annotation-api-1.3.5.jar;C:\Users\apoorv\.m2\repository\org\yaml\snakeyaml\1.25\snakeyaml-1.25.jar;C:\Users\apoorv\.m2\repository\org\mongodb\mongodb-driver\3.11.2\mongodb-driver-3.11.2.jar;C:\Users\apoorv\.m2\repository\org\mongodb\bson\3.11.2\bson-3.11.2.jar;C:\Users\apoorv\.m2\repository\org\mongodb\mongodb-driver-core\3.11.2\mongodb-driver-core-3.11.2.jar;C:\Users\apoorv\.m2\repository\org\springframework\data\spring-data-mongodb\2.2.6.RELEASE\spring-data-mongodb-2.2.6.RELEASE.jar;C:\Users\apoorv\.m2\repository\org\springframework\spring-tx\5.2.5.RELEASE\spring-tx-5.2.5.RELEASE.jar;C:\Users\apoorv\.m2\repository\org\springframework\data\spring-data-commons\2.2.6.RELEASE\spring-data-commons-2.2.6.RELEASE.jar;C:\Users\apoorv\.m2\repository\org\springframework\boot\spring-boot-starter-web\2.2.6.RELEASE\spring-boot-starter-web-2.2.6.RELEASE.jar;C:\Users\apoorv\.m2\repository\org\springframework\boot\spring-boot-starter-json\2.2.6.RELEASE\spring-boot-starter-json-2.2.6.RELEASE.jar;C:\Users\apoorv\.m2\repository\com\fasterxml\jackson\datatype\jackson-datatype-jdk8\2.10.3\jackson-datatype-jdk8-2.10.3.jar;C:\Users\apoorv\.m2\repository\com\fasterxml\jackson\datatype\jackson-datatype-jsr310\2.10.3\jackson-datatype-jsr310-2.10.3.jar;C:\Users\apoorv\.m2\repository\com\fasterxml\jackson\module\jackson-module-parameter-names\2.10.3\jackson-module-parameter-names-2.10.3.jar;C:\Users\apoorv\.m2\repository\org\springframework\boot\spring-boot-starter-tomcat\2.2.6.RELEASE\spring-boot-starter-tomcat-2.2.6.RELEASE.jar;C:\Users\apoorv\.m2\repository\org\apache\tomcat\embed\tomcat-embed-core\9.0.33\tomcat-embed-core-9.0.33.jar;C:\Users\apoorv\.m2\repository\org\apache\tomcat\embed\tomcat-embed-websocket\9.0.33\tomcat-embed-websocket-9.0.33.jar;C:\Users\apoorv\.m2\repository\org\springframework\boot\spring-boot-starter-test\2.2.6.RELEASE\spring-boot-starter-test-2.2.6.RELEASE.jar;C:\Users\apoorv\.m2\repository\org\springframework\boot\spring-boot-test\2.2.6.RELEASE\spring-boot-test-2.2.6.RELEASE.jar;C:\Users\apoorv\.m2\repository\org\springframework\boot\spring-boot-test-autoconfigure\2.2.6.RELEASE\spring-boot-test-autoconfigure-2.2.6.RELEASE.jar;C:\Users\apoorv\.m2\repository\com\jayway\jsonpath\json-path\2.4.0\json-path-2.4.0.jar;C:\Users\apoorv\.m2\repository\net\minidev\json-smart\2.3\json-smart-2.3.jar;C:\Users\apoorv\.m2\repository\net\minidev\accessors-smart\1.2\accessors-smart-1.2.jar;C:\Users\apoorv\.m2\repository\org\ow2\asm\asm\5.0.4\asm-5.0.4.jar;C:\Users\apoorv\.m2\repository\jakarta\xml\bind\jakarta.xml.bind-api\2.3.3\jakarta.xml.bind-api-2.3.3.jar;C:\Users\apoorv\.m2\repository\jakarta\activation\jakarta.activation-api\1.2.2\jakarta.activation-api-1.2.2.jar;C:\Users\apoorv\.m2\repository\org\junit\jupiter\junit-jupiter\5.5.2\junit-jupiter-5.5.2.jar;C:\Users\apoorv\.m2\repository\org\junit\jupiter\junit-jupiter-api\5.5.2\junit-jupiter-api-5.5.2.jar;C:\Users\apoorv\.m2\repository\org\opentest4j\opentest4j\1.2.0\opentest4j-1.2.0.jar;C:\Users\apoorv\.m2\repository\org\junit\platform\junit-platform-commons\1.5.2\junit-platform-commons-1.5.2.jar;C:\Users\apoorv\.m2\repository\org\junit\jupiter\junit-jupiter-params\5.5.2\junit-jupiter-params-5.5.2.jar;C:\Users\apoorv\.m2\repository\org\junit\jupiter\junit-jupiter-engine\5.5.2\junit-jupiter-engine-5.5.2.jar;C:\Users\apoorv\.m2\repository\org\junit\vintage\junit-vintage-engine\5.5.2\junit-vintage-engine-5.5.2.jar;C:\Users\apoorv\.m2\repository\org\apiguardian\apiguardian-api\1.1.0\apiguardian-api-1.1.0.jar;C:\Users\apoorv\.m2\repository\org\junit\platform\junit-platform-engine\1.5.2\junit-platform-engine-1.5.2.jar;C:\Users\apoorv\.m2\repository\junit\junit\4.12\junit-4.12.jar;C:\Users\apoorv\.m2\repository\org\mockito\mockito-junit-jupiter\3.1.0\mockito-junit-jupiter-3.1.0.jar;C:\Users\apoorv\.m2\repository\org\assertj\assertj-core\3.13.2\assertj-core-3.13.2.jar;C:\Users\apoorv\.m2\repository\org\hamcrest\hamcrest\2.1\hamcrest-2.1.jar;C:\Users\apoorv\.m2\repository\org\mockito\mockito-core\3.1.0\mockito-core-3.1.0.jar;C:\Users\apoorv\.m2\repository\net\bytebuddy\byte-buddy\1.10.8\byte-buddy-1.10.8.jar;C:\Users\apoorv\.m2\repository\net\bytebuddy\byte-buddy-agent\1.10.8\byte-buddy-agent-1.10.8.jar;C:\Users\apoorv\.m2\repository\org\objenesis\objenesis\2.6\objenesis-2.6.jar;C:\Users\apoorv\.m2\repository\org\skyscreamer\jsonassert\1.5.0\jsonassert-1.5.0.jar;C:\Users\apoorv\.m2\repository\com\vaadin\external\google\android-json\0.0.20131108.vaadin1\android-json-0.0.20131108.vaadin1.jar;C:\Users\apoorv\.m2\repository\org\springframework\spring-core\5.2.5.RELEASE\spring-core-5.2.5.RELEASE.jar;C:\Users\apoorv\.m2\repository\org\springframework\spring-jcl\5.2.5.RELEASE\spring-jcl-5.2.5.RELEASE.jar;C:\Users\apoorv\.m2\repository\org\springframework\spring-test\5.2.5.RELEASE\spring-test-5.2.5.RELEASE.jar;C:\Users\apoorv\.m2\repository\org\xmlunit\xmlunit-core\2.6.4\xmlunit-core-2.6.4.jar;C:\Users\apoorv\.m2\repository\org\projectlombok\lombok\1.18.12\lombok-1.18.12.jar;C:\Users\apoorv\.m2\repository\joda-time\joda-time\2.10.5\joda-time-2.10.5.jar;C:\Users\apoorv\.m2\repository\com\google\code\gson\gson\2.8.6\gson-2.8.6.jar;C:\Users\apoorv\.m2\repository\org\apache\httpcomponents\httpclient\4.5.12\httpclient-4.5.12.jar;C:\Users\apoorv\.m2\repository\org\apache\httpcomponents\httpcore\4.4.13\httpcore-4.4.13.jar;C:\Users\apoorv\.m2\repository\log4j\log4j\1.2.17\log4j-1.2.17.jar;C:\Users\apoorv\.m2\repository\io\springfox\springfox-swagger-ui\2.7.0\springfox-swagger-ui-2.7.0.jar;C:\Users\apoorv\.m2\repository\io\springfox\springfox-spring-web\2.7.0\springfox-spring-web-2.7.0.jar;C:\Users\apoorv\.m2\repository\org\reflections\reflections\0.9.11\reflections-0.9.11.jar;C:\Users\apoorv\.m2\repository\org\javassist\javassist\3.21.0-GA\javassist-3.21.0-GA.jar;C:\Users\apoorv\.m2\repository\io\springfox\springfox-swagger2\2.7.0\springfox-swagger2-2.7.0.jar;C:\Users\apoorv\.m2\repository\io\swagger\swagger-annotations\1.5.13\swagger-annotations-1.5.13.jar;C:\Users\apoorv\.m2\repository\io\swagger\swagger-models\1.5.13\swagger-models-1.5.13.jar;C:\Users\apoorv\.m2\repository\io\springfox\springfox-spi\2.7.0\springfox-spi-2.7.0.jar;C:\Users\apoorv\.m2\repository\io\springfox\springfox-core\2.7.0\springfox-core-2.7.0.jar;C:\Users\apoorv\.m2\repository\io\springfox\springfox-schema\2.7.0\springfox-schema-2.7.0.jar;C:\Users\apoorv\.m2\repository\io\springfox\springfox-swagger-common\2.7.0\springfox-swagger-common-2.7.0.jar;C:\Users\apoorv\.m2\repository\com\google\guava\guava\18.0\guava-18.0.jar;C:\Users\apoorv\.m2\repository\com\fasterxml\classmate\1.5.1\classmate-1.5.1.jar;C:\Users\apoorv\.m2\repository\org\springframework\plugin\spring-plugin-core\1.2.0.RELEASE\spring-plugin-core-1.2.0.RELEASE.jar;C:\Users\apoorv\.m2\repository\org\springframework\plugin\spring-plugin-metadata\1.2.0.RELEASE\spring-plugin-metadata-1.2.0.RELEASE.jar;C:\Users\apoorv\.m2\repository\org\mapstruct\mapstruct\1.1.0.Final\mapstruct-1.1.0.Final.jar;C:\Users\apoorv\.m2\repository\org\springframework\spring-web\5.2.5.RELEASE\spring-web-5.2.5.RELEASE.jar;C:\Users\apoorv\.m2\repository\org\springframework\spring-beans\5.2.5.RELEASE\spring-beans-5.2.5.RELEASE.jar;C:\Users\apoorv\.m2\repository\org\springframework\spring-webmvc\5.2.5.RELEASE\spring-webmvc-5.2.5.RELEASE.jar;C:\Users\apoorv\.m2\repository\org\springframework\spring-aop\5.2.5.RELEASE\spring-aop-5.2.5.RELEASE.jar;C:\Users\apoorv\.m2\repository\org\springframework\spring-context\5.2.5.RELEASE\spring-context-5.2.5.RELEASE.jar;C:\Users\apoorv\.m2\repository\org\springframework\spring-expression\5.2.5.RELEASE\spring-expression-5.2.5.RELEASE.jar;C:\Users\apoorv\.m2\repository\org\apache\poi\poi-ooxml\3.15\poi-ooxml-3.15.jar;C:\Users\apoorv\.m2\repository\org\apache\poi\poi\3.15\poi-3.15.jar;C:\Users\apoorv\.m2\repository\org\apache\commons\commons-collections4\4.1\commons-collections4-4.1.jar;C:\Users\apoorv\.m2\repository\org\apache\poi\poi-ooxml-schemas\3.15\poi-ooxml-schemas-3.15.jar;C:\Users\apoorv\.m2\repository\org\apache\xmlbeans\xmlbeans\2.6.0\xmlbeans-2.6.0.jar;C:\Users\apoorv\.m2\repository\stax\stax-api\1.0.1\stax-api-1.0.1.jar;C:\Users\apoorv\.m2\repository\com\github\virtuald\curvesapi\1.04\curvesapi-1.04.jar;C:\Users\apoorv\.m2\repository\commons-logging\commons-logging\1.2\commons-logging-1.2.jar;C:\Users\apoorv\.m2\repository\org\slf4j\slf4j-api\1.7.30\slf4j-api-1.7.30.jar;C:\Users\apoorv\.m2\repository\org\slf4j\slf4j-log4j12\1.7.30\slf4j-log4j12-1.7.30.jar;C:\Users\apoorv\.m2\repository\org\freemarker\freemarker\2.3.30\freemarker-2.3.30.jar;C:\Users\apoorv\.m2\repository\org\springframework\spring-context-support\5.2.5.RELEASE\spring-context-support-5.2.5.RELEASE.jar;C:\Users\apoorv\.m2\repository\org\apache\commons\commons-lang3\3.9\commons-lang3-3.9.jar;C:\Users\apoorv\.m2\repository\org\springframework\security\spring-security-core\5.2.2.RELEASE\spring-security-core-5.2.2.RELEASE.jar;C:\Users\apoorv\.m2\repository\org\apache\httpcomponents\httpmime\4.5.12\httpmime-4.5.12.jar;C:\Users\apoorv\.m2\repository\io\jsonwebtoken\jjwt\0.9.1\jjwt-0.9.1.jar;C:\Users\apoorv\.m2\repository\org\springframework\boot\spring-boot-starter-validation\2.2.6.RELEASE\spring-boot-starter-validation-2.2.6.RELEASE.jar;C:\Users\apoorv\.m2\repository\jakarta\validation\jakarta.validation-api\2.0.2\jakarta.validation-api-2.0.2.jar;C:\Users\apoorv\.m2\repository\org\apache\tomcat\embed\tomcat-embed-el\9.0.33\tomcat-embed-el-9.0.33.jar;C:\Users\apoorv\.m2\repository\org\hibernate\validator\hibernate-validator\6.0.18.Final\hibernate-validator-6.0.18.Final.jar;C:\Users\apoorv\.m2\repository\org\jboss\logging\jboss-logging\3.4.1.Final\jboss-logging-3.4.1.Final.jar;C:\Users\apoorv\.m2\repository\com\amazonaws\aws-java-sdk\1.11.106\aws-java-sdk-1.11.106.jar;C:\Users\apoorv\.m2\repository\com\amazonaws\aws-java-sdk-pinpoint\1.11.106\aws-java-sdk-pinpoint-1.11.106.jar;C:\Users\apoorv\.m2\repository\com\amazonaws\aws-java-sdk-xray\1.11.106\aws-java-sdk-xray-1.11.106.jar;C:\Users\apoorv\.m2\repository\com\amazonaws\aws-java-sdk-opsworkscm\1.11.106\aws-java-sdk-opsworkscm-1.11.106.jar;C:\Users\apoorv\.m2\repository\com\amazonaws\aws-java-sdk-support\1.11.106\aws-java-sdk-support-1.11.106.jar;C:\Users\apoorv\.m2\repository\com\amazonaws\aws-java-sdk-simpledb\1.11.106\aws-java-sdk-simpledb-1.11.106.jar;C:\Users\apoorv\.m2\repository\com\amazonaws\aws-java-sdk-servicecatalog\1.11.106\aws-java-sdk-servicecatalog-1.11.106.jar;C:\Users\apoorv\.m2\repository\com\amazonaws\aws-java-sdk-servermigration\1.11.106\aws-java-sdk-servermigration-1.11.106.jar;C:\Users\apoorv\.m2\repository\com\amazonaws\aws-java-sdk-simpleworkflow\1.11.106\aws-java-sdk-simpleworkflow-1.11.106.jar;C:\Users\apoorv\.m2\repository\com\amazonaws\aws-java-sdk-storagegateway\1.11.106\aws-java-sdk-storagegateway-1.11.106.jar;C:\Users\apoorv\.m2\repository\com\amazonaws\aws-java-sdk-route53\1.11.106\aws-java-sdk-route53-1.11.106.jar;C:\Users\apoorv\.m2\repository\com\amazonaws\aws-java-sdk-importexport\1.11.106\aws-java-sdk-importexport-1.11.106.jar;C:\Users\apoorv\.m2\repository\com\amazonaws\aws-java-sdk-sts\1.11.106\aws-java-sdk-sts-1.11.106.jar;C:\Users\apoorv\.m2\repository\com\amazonaws\aws-java-sdk-sqs\1.11.106\aws-java-sdk-sqs-1.11.106.jar;C:\Users\apoorv\.m2\repository\com\amazonaws\aws-java-sdk-rds\1.11.106\aws-java-sdk-rds-1.11.106.jar;C:\Users\apoorv\.m2\repository\com\amazonaws\aws-java-sdk-redshift\1.11.106\aws-java-sdk-redshift-1.11.106.jar;C:\Users\apoorv\.m2\repository\com\amazonaws\aws-java-sdk-elasticbeanstalk\1.11.106\aws-java-sdk-elasticbeanstalk-1.11.106.jar;C:\Users\apoorv\.m2\repository\com\amazonaws\aws-java-sdk-glacier\1.11.106\aws-java-sdk-glacier-1.11.106.jar;C:\Users\apoorv\.m2\repository\com\amazonaws\aws-java-sdk-iam\1.11.106\aws-java-sdk-iam-1.11.106.jar;C:\Users\apoorv\.m2\repository\com\amazonaws\aws-java-sdk-datapipeline\1.11.106\aws-java-sdk-datapipeline-1.11.106.jar;C:\Users\apoorv\.m2\repository\com\amazonaws\aws-java-sdk-elasticloadbalancing\1.11.106\aws-java-sdk-elasticloadbalancing-1.11.106.jar;C:\Users\apoorv\.m2\repository\com\amazonaws\aws-java-sdk-elasticloadbalancingv2\1.11.106\aws-java-sdk-elasticloadbalancingv2-1.11.106.jar;C:\Users\apoorv\.m2\repository\com\amazonaws\aws-java-sdk-emr\1.11.106\aws-java-sdk-emr-1.11.106.jar;C:\Users\apoorv\.m2\repository\com\amazonaws\aws-java-sdk-elasticache\1.11.106\aws-java-sdk-elasticache-1.11.106.jar;C:\Users\apoorv\.m2\repository\com\amazonaws\aws-java-sdk-elastictranscoder\1.11.106\aws-java-sdk-elastictranscoder-1.11.106.jar;C:\Users\apoorv\.m2\repository\com\amazonaws\aws-java-sdk-ec2\1.11.106\aws-java-sdk-ec2-1.11.106.jar;C:\Users\apoorv\.m2\repository\com\amazonaws\aws-java-sdk-dynamodb\1.11.106\aws-java-sdk-dynamodb-1.11.106.jar;C:\Users\apoorv\.m2\repository\com\amazonaws\aws-java-sdk-sns\1.11.106\aws-java-sdk-sns-1.11.106.jar;C:\Users\apoorv\.m2\repository\com\amazonaws\aws-java-sdk-budgets\1.11.106\aws-java-sdk-budgets-1.11.106.jar;C:\Users\apoorv\.m2\repository\com\amazonaws\aws-java-sdk-cloudtrail\1.11.106\aws-java-sdk-cloudtrail-1.11.106.jar;C:\Users\apoorv\.m2\repository\com\amazonaws\aws-java-sdk-cloudwatch\1.11.106\aws-java-sdk-cloudwatch-1.11.106.jar;C:\Users\apoorv\.m2\repository\com\amazonaws\aws-java-sdk-logs\1.11.106\aws-java-sdk-logs-1.11.106.jar;C:\Users\apoorv\.m2\repository\com\amazonaws\aws-java-sdk-events\1.11.106\aws-java-sdk-events-1.11.106.jar;C:\Users\apoorv\.m2\repository\com\amazonaws\aws-java-sdk-cognitoidentity\1.11.106\aws-java-sdk-cognitoidentity-1.11.106.jar;C:\Users\apoorv\.m2\repository\com\amazonaws\aws-java-sdk-cognitosync\1.11.106\aws-java-sdk-cognitosync-1.11.106.jar;C:\Users\apoorv\.m2\repository\com\amazonaws\aws-java-sdk-directconnect\1.11.106\aws-java-sdk-directconnect-1.11.106.jar;C:\Users\apoorv\.m2\repository\com\amazonaws\aws-java-sdk-cloudformation\1.11.106\aws-java-sdk-cloudformation-1.11.106.jar;C:\Users\apoorv\.m2\repository\com\amazonaws\aws-java-sdk-cloudfront\1.11.106\aws-java-sdk-cloudfront-1.11.106.jar;C:\Users\apoorv\.m2\repository\com\amazonaws\aws-java-sdk-clouddirectory\1.11.106\aws-java-sdk-clouddirectory-1.11.106.jar;C:\Users\apoorv\.m2\repository\com\amazonaws\aws-java-sdk-kinesis\1.11.106\aws-java-sdk-kinesis-1.11.106.jar;C:\Users\apoorv\.m2\repository\com\amazonaws\aws-java-sdk-opsworks\1.11.106\aws-java-sdk-opsworks-1.11.106.jar;C:\Users\apoorv\.m2\repository\com\amazonaws\aws-java-sdk-ses\1.11.106\aws-java-sdk-ses-1.11.106.jar;C:\Users\apoorv\.m2\repository\com\amazonaws\aws-java-sdk-autoscaling\1.11.106\aws-java-sdk-autoscaling-1.11.106.jar;C:\Users\apoorv\.m2\repository\com\amazonaws\aws-java-sdk-cloudsearch\1.11.106\aws-java-sdk-cloudsearch-1.11.106.jar;C:\Users\apoorv\.m2\repository\com\amazonaws\aws-java-sdk-cloudwatchmetrics\1.11.106\aws-java-sdk-cloudwatchmetrics-1.11.106.jar;C:\Users\apoorv\.m2\repository\com\amazonaws\aws-java-sdk-codedeploy\1.11.106\aws-java-sdk-codedeploy-1.11.106.jar;C:\Users\apoorv\.m2\repository\com\amazonaws\aws-java-sdk-codepipeline\1.11.106\aws-java-sdk-codepipeline-1.11.106.jar;C:\Users\apoorv\.m2\repository\com\amazonaws\aws-java-sdk-kms\1.11.106\aws-java-sdk-kms-1.11.106.jar;C:\Users\apoorv\.m2\repository\com\amazonaws\aws-java-sdk-config\1.11.106\aws-java-sdk-config-1.11.106.jar;C:\Users\apoorv\.m2\repository\com\amazonaws\aws-java-sdk-lambda\1.11.106\aws-java-sdk-lambda-1.11.106.jar;C:\Users\apoorv\.m2\repository\com\amazonaws\aws-java-sdk-ecs\1.11.106\aws-java-sdk-ecs-1.11.106.jar;C:\Users\apoorv\.m2\repository\com\amazonaws\aws-java-sdk-ecr\1.11.106\aws-java-sdk-ecr-1.11.106.jar;C:\Users\apoorv\.m2\repository\com\amazonaws\aws-java-sdk-cloudhsm\1.11.106\aws-java-sdk-cloudhsm-1.11.106.jar;C:\Users\apoorv\.m2\repository\com\amazonaws\aws-java-sdk-ssm\1.11.106\aws-java-sdk-ssm-1.11.106.jar;C:\Users\apoorv\.m2\repository\com\amazonaws\aws-java-sdk-workspaces\1.11.106\aws-java-sdk-workspaces-1.11.106.jar;C:\Users\apoorv\.m2\repository\com\amazonaws\aws-java-sdk-machinelearning\1.11.106\aws-java-sdk-machinelearning-1.11.106.jar;C:\Users\apoorv\.m2\repository\com\amazonaws\aws-java-sdk-directory\1.11.106\aws-java-sdk-directory-1.11.106.jar;C:\Users\apoorv\.m2\repository\com\amazonaws\aws-java-sdk-efs\1.11.106\aws-java-sdk-efs-1.11.106.jar;C:\Users\apoorv\.m2\repository\com\amazonaws\aws-java-sdk-codecommit\1.11.106\aws-java-sdk-codecommit-1.11.106.jar;C:\Users\apoorv\.m2\repository\com\amazonaws\aws-java-sdk-devicefarm\1.11.106\aws-java-sdk-devicefarm-1.11.106.jar;C:\Users\apoorv\.m2\repository\com\amazonaws\aws-java-sdk-elasticsearch\1.11.106\aws-java-sdk-elasticsearch-1.11.106.jar;C:\Users\apoorv\.m2\repository\com\amazonaws\aws-java-sdk-waf\1.11.106\aws-java-sdk-waf-1.11.106.jar;C:\Users\apoorv\.m2\repository\com\amazonaws\aws-java-sdk-marketplacecommerceanalytics\1.11.106\aws-java-sdk-marketplacecommerceanalytics-1.11.106.jar;C:\Users\apoorv\.m2\repository\com\amazonaws\aws-java-sdk-inspector\1.11.106\aws-java-sdk-inspector-1.11.106.jar;C:\Users\apoorv\.m2\repository\com\amazonaws\aws-java-sdk-iot\1.11.106\aws-java-sdk-iot-1.11.106.jar;C:\Users\apoorv\.m2\repository\com\amazonaws\aws-java-sdk-api-gateway\1.11.106\aws-java-sdk-api-gateway-1.11.106.jar;C:\Users\apoorv\.m2\repository\com\amazonaws\aws-java-sdk-acm\1.11.106\aws-java-sdk-acm-1.11.106.jar;C:\Users\apoorv\.m2\repository\com\amazonaws\aws-java-sdk-gamelift\1.11.106\aws-java-sdk-gamelift-1.11.106.jar;C:\Users\apoorv\.m2\repository\com\amazonaws\aws-java-sdk-dms\1.11.106\aws-java-sdk-dms-1.11.106.jar;C:\Users\apoorv\.m2\repository\com\amazonaws\aws-java-sdk-marketplacemeteringservice\1.11.106\aws-java-sdk-marketplacemeteringservice-1.11.106.jar;C:\Users\apoorv\.m2\repository\com\amazonaws\aws-java-sdk-cognitoidp\1.11.106\aws-java-sdk-cognitoidp-1.11.106.jar;C:\Users\apoorv\.m2\repository\com\amazonaws\aws-java-sdk-discovery\1.11.106\aws-java-sdk-discovery-1.11.106.jar;C:\Users\apoorv\.m2\repository\com\amazonaws\aws-java-sdk-applicationautoscaling\1.11.106\aws-java-sdk-applicationautoscaling-1.11.106.jar;C:\Users\apoorv\.m2\repository\com\amazonaws\aws-java-sdk-snowball\1.11.106\aws-java-sdk-snowball-1.11.106.jar;C:\Users\apoorv\.m2\repository\com\amazonaws\aws-java-sdk-rekognition\1.11.106\aws-java-sdk-rekognition-1.11.106.jar;C:\Users\apoorv\.m2\repository\com\amazonaws\aws-java-sdk-polly\1.11.106\aws-java-sdk-polly-1.11.106.jar;C:\Users\apoorv\.m2\repository\com\amazonaws\aws-java-sdk-lightsail\1.11.106\aws-java-sdk-lightsail-1.11.106.jar;C:\Users\apoorv\.m2\repository\com\amazonaws\aws-java-sdk-stepfunctions\1.11.106\aws-java-sdk-stepfunctions-1.11.106.jar;C:\Users\apoorv\.m2\repository\com\amazonaws\aws-java-sdk-health\1.11.106\aws-java-sdk-health-1.11.106.jar;C:\Users\apoorv\.m2\repository\com\amazonaws\aws-java-sdk-costandusagereport\1.11.106\aws-java-sdk-costandusagereport-1.11.106.jar;C:\Users\apoorv\.m2\repository\com\amazonaws\aws-java-sdk-codebuild\1.11.106\aws-java-sdk-codebuild-1.11.106.jar;C:\Users\apoorv\.m2\repository\com\amazonaws\aws-java-sdk-appstream\1.11.106\aws-java-sdk-appstream-1.11.106.jar;C:\Users\apoorv\.m2\repository\com\amazonaws\aws-java-sdk-shield\1.11.106\aws-java-sdk-shield-1.11.106.jar;C:\Users\apoorv\.m2\repository\com\amazonaws\aws-java-sdk-batch\1.11.106\aws-java-sdk-batch-1.11.106.jar;C:\Users\apoorv\.m2\repository\com\amazonaws\aws-java-sdk-lex\1.11.106\aws-java-sdk-lex-1.11.106.jar;C:\Users\apoorv\.m2\repository\com\amazonaws\aws-java-sdk-mechanicalturkrequester\1.11.106\aws-java-sdk-mechanicalturkrequester-1.11.106.jar;C:\Users\apoorv\.m2\repository\com\amazonaws\aws-java-sdk-organizations\1.11.106\aws-java-sdk-organizations-1.11.106.jar;C:\Users\apoorv\.m2\repository\com\amazonaws\aws-java-sdk-workdocs\1.11.106\aws-java-sdk-workdocs-1.11.106.jar;C:\Users\apoorv\.m2\repository\com\amazonaws\aws-java-sdk-core\1.11.106\aws-java-sdk-core-1.11.106.jar;C:\Users\apoorv\.m2\repository\software\amazon\ion\ion-java\1.0.2\ion-java-1.0.2.jar;C:\Users\apoorv\.m2\repository\com\fasterxml\jackson\dataformat\jackson-dataformat-cbor\2.10.3\jackson-dataformat-cbor-2.10.3.jar;C:\Users\apoorv\.m2\repository\com\amazonaws\aws-java-sdk-models\1.11.106\aws-java-sdk-models-1.11.106.jar;C:\Users\apoorv\.m2\repository\com\amazonaws\aws-java-sdk-swf-libraries\1.11.22\aws-java-sdk-swf-libraries-1.11.22.jar;C:\Users\apoorv\.m2\repository\javax\xml\bind\jaxb-api\2.3.0\jaxb-api-2.3.0.jar;C:\Users\apoorv\.m2\repository\commons-fileupload\commons-fileupload\1.4\commons-fileupload-1.4.jar;C:\Users\apoorv\.m2\repository\commons-io\commons-io\2.2\commons-io-2.2.jar;C:\Users\apoorv\.m2\repository\commons-codec\commons-codec\1.15\commons-codec-1.15.jar;C:\Users\apoorv\.m2\repository\com\amazonaws\aws-java-sdk-s3\1.11.106\aws-java-sdk-s3-1.11.106.jar;C:\Users\apoorv\.m2\repository\com\amazonaws\jmespath-java\1.11.106\jmespath-java-1.11.106.jar;C:\Users\apoorv\.m2\repository\com\fasterxml\jackson\core\jackson-databind\2.10.3\jackson-databind-2.10.3.jar;C:\Users\apoorv\.m2\repository\com\fasterxml\jackson\core\jackson-annotations\2.10.3\jackson-annotations-2.10.3.jar;C:\Users\apoorv\.m2\repository\com\fasterxml\jackson\core\jackson-core\2.10.3\jackson-core-2.10.3.jar;"/>
    <property name="java.vm.vendor" value="Oracle Corporation"/>
    <property name="sun.arch.data.model" value="64"/>
    <property name="user.variant" value=""/>
    <property name="java.vendor.url" value="http://java.oracle.com/"/>
    <property name="user.timezone" value="Asia/Calcutta"/>
    <property name="java.vm.specification.version" value="1.8"/>
    <property name="os.name" value="Windows 10"/>
    <property name="user.country" value="US"/>
    <property name="sun.java.launcher" value="SUN_STANDARD"/>
    <property name="sun.boot.library.path" value="C:\Program Files\Java\jdk1.8.0_291\jre\bin"/>
    <property name="sun.java.command" value="C:\Users\apoorv\AppData\Local\Temp\surefire6601179845823796293\surefirebooter6498563713528042681.jar C:\Users\apoorv\AppData\Local\Temp\surefire6601179845823796293 2021-07-28T13-10-45_134-jvmRun1 surefire2433561089153195523tmp surefire_05247991325465176379tmp"/>
    <property name="surefire.test.class.path" value="C:\Users\apoorv\Desktop\Github\cspl-commons\target\test-classes;C:\Users\apoorv\Desktop\Github\cspl-commons\target\classes;C:\Users\apoorv\.m2\repository\org\springframework\boot\spring-boot-starter-data-mongodb\2.2.6.RELEASE\spring-boot-starter-data-mongodb-2.2.6.RELEASE.jar;C:\Users\apoorv\.m2\repository\org\springframework\boot\spring-boot-starter\2.2.6.RELEASE\spring-boot-starter-2.2.6.RELEASE.jar;C:\Users\apoorv\.m2\repository\org\springframework\boot\spring-boot\2.2.6.RELEASE\spring-boot-2.2.6.RELEASE.jar;C:\Users\apoorv\.m2\repository\org\springframework\boot\spring-boot-autoconfigure\2.2.6.RELEASE\spring-boot-autoconfigure-2.2.6.RELEASE.jar;C:\Users\apoorv\.m2\repository\org\springframework\boot\spring-boot-starter-logging\2.2.6.RELEASE\spring-boot-starter-logging-2.2.6.RELEASE.jar;C:\Users\apoorv\.m2\repository\ch\qos\logback\logback-classic\1.2.3\logback-classic-1.2.3.jar;C:\Users\apoorv\.m2\repository\ch\qos\logback\logback-core\1.2.3\logback-core-1.2.3.jar;C:\Users\apoorv\.m2\repository\org\apache\logging\log4j\log4j-to-slf4j\2.12.1\log4j-to-slf4j-2.12.1.jar;C:\Users\apoorv\.m2\repository\org\apache\logging\log4j\log4j-api\2.12.1\log4j-api-2.12.1.jar;C:\Users\apoorv\.m2\repository\org\slf4j\jul-to-slf4j\1.7.30\jul-to-slf4j-1.7.30.jar;C:\Users\apoorv\.m2\repository\jakarta\annotation\jakarta.annotation-api\1.3.5\jakarta.annotation-api-1.3.5.jar;C:\Users\apoorv\.m2\repository\org\yaml\snakeyaml\1.25\snakeyaml-1.25.jar;C:\Users\apoorv\.m2\repository\org\mongodb\mongodb-driver\3.11.2\mongodb-driver-3.11.2.jar;C:\Users\apoorv\.m2\repository\org\mongodb\bson\3.11.2\bson-3.11.2.jar;C:\Users\apoorv\.m2\repository\org\mongodb\mongodb-driver-core\3.11.2\mongodb-driver-core-3.11.2.jar;C:\Users\apoorv\.m2\repository\org\springframework\data\spring-data-mongodb\2.2.6.RELEASE\spring-data-mongodb-2.2.6.RELEASE.jar;C:\Users\apoorv\.m2\repository\org\springframework\spring-tx\5.2.5.RELEASE\spring-tx-5.2.5.RELEASE.jar;C:\Users\apoorv\.m2\repository\org\springframework\data\spring-data-commons\2.2.6.RELEASE\spring-data-commons-2.2.6.RELEASE.jar;C:\Users\apoorv\.m2\repository\org\springframework\boot\spring-boot-starter-web\2.2.6.RELEASE\spring-boot-starter-web-2.2.6.RELEASE.jar;C:\Users\apoorv\.m2\repository\org\springframework\boot\spring-boot-starter-json\2.2.6.RELEASE\spring-boot-starter-json-2.2.6.RELEASE.jar;C:\Users\apoorv\.m2\repository\com\fasterxml\jackson\datatype\jackson-datatype-jdk8\2.10.3\jackson-datatype-jdk8-2.10.3.jar;C:\Users\apoorv\.m2\repository\com\fasterxml\jackson\datatype\jackson-datatype-jsr310\2.10.3\jackson-datatype-jsr310-2.10.3.jar;C:\Users\apoorv\.m2\repository\com\fasterxml\jackson\module\jackson-module-parameter-names\2.10.3\jackson-module-parameter-names-2.10.3.jar;C:\Users\apoorv\.m2\repository\org\springframework\boot\spring-boot-starter-tomcat\2.2.6.RELEASE\spring-boot-starter-tomcat-2.2.6.RELEASE.jar;C:\Users\apoorv\.m2\repository\org\apache\tomcat\embed\tomcat-embed-core\9.0.33\tomcat-embed-core-9.0.33.jar;C:\Users\apoorv\.m2\repository\org\apache\tomcat\embed\tomcat-embed-websocket\9.0.33\tomcat-embed-websocket-9.0.33.jar;C:\Users\apoorv\.m2\repository\org\springframework\boot\spring-boot-starter-test\2.2.6.RELEASE\spring-boot-starter-test-2.2.6.RELEASE.jar;C:\Users\apoorv\.m2\repository\org\springframework\boot\spring-boot-test\2.2.6.RELEASE\spring-boot-test-2.2.6.RELEASE.jar;C:\Users\apoorv\.m2\repository\org\springframework\boot\spring-boot-test-autoconfigure\2.2.6.RELEASE\spring-boot-test-autoconfigure-2.2.6.RELEASE.jar;C:\Users\apoorv\.m2\repository\com\jayway\jsonpath\json-path\2.4.0\json-path-2.4.0.jar;C:\Users\apoorv\.m2\repository\net\minidev\json-smart\2.3\json-smart-2.3.jar;C:\Users\apoorv\.m2\repository\net\minidev\accessors-smart\1.2\accessors-smart-1.2.jar;C:\Users\apoorv\.m2\repository\org\ow2\asm\asm\5.0.4\asm-5.0.4.jar;C:\Users\apoorv\.m2\repository\jakarta\xml\bind\jakarta.xml.bind-api\2.3.3\jakarta.xml.bind-api-2.3.3.jar;C:\Users\apoorv\.m2\repository\jakarta\activation\jakarta.activation-api\1.2.2\jakarta.activation-api-1.2.2.jar;C:\Users\apoorv\.m2\repository\org\junit\jupiter\junit-jupiter\5.5.2\junit-jupiter-5.5.2.jar;C:\Users\apoorv\.m2\repository\org\junit\jupiter\junit-jupiter-api\5.5.2\junit-jupiter-api-5.5.2.jar;C:\Users\apoorv\.m2\repository\org\opentest4j\opentest4j\1.2.0\opentest4j-1.2.0.jar;C:\Users\apoorv\.m2\repository\org\junit\platform\junit-platform-commons\1.5.2\junit-platform-commons-1.5.2.jar;C:\Users\apoorv\.m2\repository\org\junit\jupiter\junit-jupiter-params\5.5.2\junit-jupiter-params-5.5.2.jar;C:\Users\apoorv\.m2\repository\org\junit\jupiter\junit-jupiter-engine\5.5.2\junit-jupiter-engine-5.5.2.jar;C:\Users\apoorv\.m2\repository\org\junit\vintage\junit-vintage-engine\5.5.2\junit-vintage-engine-5.5.2.jar;C:\Users\apoorv\.m2\repository\org\apiguardian\apiguardian-api\1.1.0\apiguardian-api-1.1.0.jar;C:\Users\apoorv\.m2\repository\org\junit\platform\junit-platform-engine\1.5.2\junit-platform-engine-1.5.2.jar;C:\Users\apoorv\.m2\repository\junit\junit\4.12\junit-4.12.jar;C:\Users\apoorv\.m2\repository\org\mockito\mockito-junit-jupiter\3.1.0\mockito-junit-jupiter-3.1.0.jar;C:\Users\apoorv\.m2\repository\org\assertj\assertj-core\3.13.2\assertj-core-3.13.2.jar;C:\Users\apoorv\.m2\repository\org\hamcrest\hamcrest\2.1\hamcrest-2.1.jar;C:\Users\apoorv\.m2\repository\org\mockito\mockito-core\3.1.0\mockito-core-3.1.0.jar;C:\Users\apoorv\.m2\repository\net\bytebuddy\byte-buddy\1.10.8\byte-buddy-1.10.8.jar;C:\Users\apoorv\.m2\repository\net\bytebuddy\byte-buddy-agent\1.10.8\byte-buddy-agent-1.10.8.jar;C:\Users\apoorv\.m2\repository\org\objenesis\objenesis\2.6\objenesis-2.6.jar;C:\Users\apoorv\.m2\repository\org\skyscreamer\jsonassert\1.5.0\jsonassert-1.5.0.jar;C:\Users\apoorv\.m2\repository\com\vaadin\external\google\android-json\0.0.20131108.vaadin1\android-json-0.0.20131108.vaadin1.jar;C:\Users\apoorv\.m2\repository\org\springframework\spring-core\5.2.5.RELEASE\spring-core-5.2.5.RELEASE.jar;C:\Users\apoorv\.m2\repository\org\springframework\spring-jcl\5.2.5.RELEASE\spring-jcl-5.2.5.RELEASE.jar;C:\Users\apoorv\.m2\repository\org\springframework\spring-test\5.2.5.RELEASE\spring-test-5.2.5.RELEASE.jar;C:\Users\apoorv\.m2\repository\org\xmlunit\xmlunit-core\2.6.4\xmlunit-core-2.6.4.jar;C:\Users\apoorv\.m2\repository\org\projectlombok\lombok\1.18.12\lombok-1.18.12.jar;C:\Users\apoorv\.m2\repository\joda-time\joda-time\2.10.5\joda-time-2.10.5.jar;C:\Users\apoorv\.m2\repository\com\google\code\gson\gson\2.8.6\gson-2.8.6.jar;C:\Users\apoorv\.m2\repository\org\apache\httpcomponents\httpclient\4.5.12\httpclient-4.5.12.jar;C:\Users\apoorv\.m2\repository\org\apache\httpcomponents\httpcore\4.4.13\httpcore-4.4.13.jar;C:\Users\apoorv\.m2\repository\log4j\log4j\1.2.17\log4j-1.2.17.jar;C:\Users\apoorv\.m2\repository\io\springfox\springfox-swagger-ui\2.7.0\springfox-swagger-ui-2.7.0.jar;C:\Users\apoorv\.m2\repository\io\springfox\springfox-spring-web\2.7.0\springfox-spring-web-2.7.0.jar;C:\Users\apoorv\.m2\repository\org\reflections\reflections\0.9.11\reflections-0.9.11.jar;C:\Users\apoorv\.m2\repository\org\javassist\javassist\3.21.0-GA\javassist-3.21.0-GA.jar;C:\Users\apoorv\.m2\repository\io\springfox\springfox-swagger2\2.7.0\springfox-swagger2-2.7.0.jar;C:\Users\apoorv\.m2\repository\io\swagger\swagger-annotations\1.5.13\swagger-annotations-1.5.13.jar;C:\Users\apoorv\.m2\repository\io\swagger\swagger-models\1.5.13\swagger-models-1.5.13.jar;C:\Users\apoorv\.m2\repository\io\springfox\springfox-spi\2.7.0\springfox-spi-2.7.0.jar;C:\Users\apoorv\.m2\repository\io\springfox\springfox-core\2.7.0\springfox-core-2.7.0.jar;C:\Users\apoorv\.m2\repository\io\springfox\springfox-schema\2.7.0\springfox-schema-2.7.0.jar;C:\Users\apoorv\.m2\repository\io\springfox\springfox-swagger-common\2.7.0\springfox-swagger-common-2.7.0.jar;C:\Users\apoorv\.m2\repository\com\google\guava\guava\18.0\guava-18.0.jar;C:\Users\apoorv\.m2\repository\com\fasterxml\classmate\1.5.1\classmate-1.5.1.jar;C:\Users\apoorv\.m2\repository\org\springframework\plugin\spring-plugin-core\1.2.0.RELEASE\spring-plugin-core-1.2.0.RELEASE.jar;C:\Users\apoorv\.m2\repository\org\springframework\plugin\spring-plugin-metadata\1.2.0.RELEASE\spring-plugin-metadata-1.2.0.RELEASE.jar;C:\Users\apoorv\.m2\repository\org\mapstruct\mapstruct\1.1.0.Final\mapstruct-1.1.0.Final.jar;C:\Users\apoorv\.m2\repository\org\springframework\spring-web\5.2.5.RELEASE\spring-web-5.2.5.RELEASE.jar;C:\Users\apoorv\.m2\repository\org\springframework\spring-beans\5.2.5.RELEASE\spring-beans-5.2.5.RELEASE.jar;C:\Users\apoorv\.m2\repository\org\springframework\spring-webmvc\5.2.5.RELEASE\spring-webmvc-5.2.5.RELEASE.jar;C:\Users\apoorv\.m2\repository\org\springframework\spring-aop\5.2.5.RELEASE\spring-aop-5.2.5.RELEASE.jar;C:\Users\apoorv\.m2\repository\org\springframework\spring-context\5.2.5.RELEASE\spring-context-5.2.5.RELEASE.jar;C:\Users\apoorv\.m2\repository\org\springframework\spring-expression\5.2.5.RELEASE\spring-expression-5.2.5.RELEASE.jar;C:\Users\apoorv\.m2\repository\org\apache\poi\poi-ooxml\3.15\poi-ooxml-3.15.jar;C:\Users\apoorv\.m2\repository\org\apache\poi\poi\3.15\poi-3.15.jar;C:\Users\apoorv\.m2\repository\org\apache\commons\commons-collections4\4.1\commons-collections4-4.1.jar;C:\Users\apoorv\.m2\repository\org\apache\poi\poi-ooxml-schemas\3.15\poi-ooxml-schemas-3.15.jar;C:\Users\apoorv\.m2\repository\org\apache\xmlbeans\xmlbeans\2.6.0\xmlbeans-2.6.0.jar;C:\Users\apoorv\.m2\repository\stax\stax-api\1.0.1\stax-api-1.0.1.jar;C:\Users\apoorv\.m2\repository\com\github\virtuald\curvesapi\1.04\curvesapi-1.04.jar;C:\Users\apoorv\.m2\repository\commons-logging\commons-logging\1.2\commons-logging-1.2.jar;C:\Users\apoorv\.m2\repository\org\slf4j\slf4j-api\1.7.30\slf4j-api-1.7.30.jar;C:\Users\apoorv\.m2\repository\org\slf4j\slf4j-log4j12\1.7.30\slf4j-log4j12-1.7.30.jar;C:\Users\apoorv\.m2\repository\org\freemarker\freemarker\2.3.30\freemarker-2.3.30.jar;C:\Users\apoorv\.m2\repository\org\springframework\spring-context-support\5.2.5.RELEASE\spring-context-support-5.2.5.RELEASE.jar;C:\Users\apoorv\.m2\repository\org\apache\commons\commons-lang3\3.9\commons-lang3-3.9.jar;C:\Users\apoorv\.m2\repository\org\springframework\security\spring-security-core\5.2.2.RELEASE\spring-security-core-5.2.2.RELEASE.jar;C:\Users\apoorv\.m2\repository\org\apache\httpcomponents\httpmime\4.5.12\httpmime-4.5.12.jar;C:\Users\apoorv\.m2\repository\io\jsonwebtoken\jjwt\0.9.1\jjwt-0.9.1.jar;C:\Users\apoorv\.m2\repository\org\springframework\boot\spring-boot-starter-validation\2.2.6.RELEASE\spring-boot-starter-validation-2.2.6.RELEASE.jar;C:\Users\apoorv\.m2\repository\jakarta\validation\jakarta.validation-api\2.0.2\jakarta.validation-api-2.0.2.jar;C:\Users\apoorv\.m2\repository\org\apache\tomcat\embed\tomcat-embed-el\9.0.33\tomcat-embed-el-9.0.33.jar;C:\Users\apoorv\.m2\repository\org\hibernate\validator\hibernate-validator\6.0.18.Final\hibernate-validator-6.0.18.Final.jar;C:\Users\apoorv\.m2\repository\org\jboss\logging\jboss-logging\3.4.1.Final\jboss-logging-3.4.1.Final.jar;C:\Users\apoorv\.m2\repository\com\amazonaws\aws-java-sdk\1.11.106\aws-java-sdk-1.11.106.jar;C:\Users\apoorv\.m2\repository\com\amazonaws\aws-java-sdk-pinpoint\1.11.106\aws-java-sdk-pinpoint-1.11.106.jar;C:\Users\apoorv\.m2\repository\com\amazonaws\aws-java-sdk-xray\1.11.106\aws-java-sdk-xray-1.11.106.jar;C:\Users\apoorv\.m2\repository\com\amazonaws\aws-java-sdk-opsworkscm\1.11.106\aws-java-sdk-opsworkscm-1.11.106.jar;C:\Users\apoorv\.m2\repository\com\amazonaws\aws-java-sdk-support\1.11.106\aws-java-sdk-support-1.11.106.jar;C:\Users\apoorv\.m2\repository\com\amazonaws\aws-java-sdk-simpledb\1.11.106\aws-java-sdk-simpledb-1.11.106.jar;C:\Users\apoorv\.m2\repository\com\amazonaws\aws-java-sdk-servicecatalog\1.11.106\aws-java-sdk-servicecatalog-1.11.106.jar;C:\Users\apoorv\.m2\repository\com\amazonaws\aws-java-sdk-servermigration\1.11.106\aws-java-sdk-servermigration-1.11.106.jar;C:\Users\apoorv\.m2\repository\com\amazonaws\aws-java-sdk-simpleworkflow\1.11.106\aws-java-sdk-simpleworkflow-1.11.106.jar;C:\Users\apoorv\.m2\repository\com\amazonaws\aws-java-sdk-storagegateway\1.11.106\aws-java-sdk-storagegateway-1.11.106.jar;C:\Users\apoorv\.m2\repository\com\amazonaws\aws-java-sdk-route53\1.11.106\aws-java-sdk-route53-1.11.106.jar;C:\Users\apoorv\.m2\repository\com\amazonaws\aws-java-sdk-importexport\1.11.106\aws-java-sdk-importexport-1.11.106.jar;C:\Users\apoorv\.m2\repository\com\amazonaws\aws-java-sdk-sts\1.11.106\aws-java-sdk-sts-1.11.106.jar;C:\Users\apoorv\.m2\repository\com\amazonaws\aws-java-sdk-sqs\1.11.106\aws-java-sdk-sqs-1.11.106.jar;C:\Users\apoorv\.m2\repository\com\amazonaws\aws-java-sdk-rds\1.11.106\aws-java-sdk-rds-1.11.106.jar;C:\Users\apoorv\.m2\repository\com\amazonaws\aws-java-sdk-redshift\1.11.106\aws-java-sdk-redshift-1.11.106.jar;C:\Users\apoorv\.m2\repository\com\amazonaws\aws-java-sdk-elasticbeanstalk\1.11.106\aws-java-sdk-elasticbeanstalk-1.11.106.jar;C:\Users\apoorv\.m2\repository\com\amazonaws\aws-java-sdk-glacier\1.11.106\aws-java-sdk-glacier-1.11.106.jar;C:\Users\apoorv\.m2\repository\com\amazonaws\aws-java-sdk-iam\1.11.106\aws-java-sdk-iam-1.11.106.jar;C:\Users\apoorv\.m2\repository\com\amazonaws\aws-java-sdk-datapipeline\1.11.106\aws-java-sdk-datapipeline-1.11.106.jar;C:\Users\apoorv\.m2\repository\com\amazonaws\aws-java-sdk-elasticloadbalancing\1.11.106\aws-java-sdk-elasticloadbalancing-1.11.106.jar;C:\Users\apoorv\.m2\repository\com\amazonaws\aws-java-sdk-elasticloadbalancingv2\1.11.106\aws-java-sdk-elasticloadbalancingv2-1.11.106.jar;C:\Users\apoorv\.m2\repository\com\amazonaws\aws-java-sdk-emr\1.11.106\aws-java-sdk-emr-1.11.106.jar;C:\Users\apoorv\.m2\repository\com\amazonaws\aws-java-sdk-elasticache\1.11.106\aws-java-sdk-elasticache-1.11.106.jar;C:\Users\apoorv\.m2\repository\com\amazonaws\aws-java-sdk-elastictranscoder\1.11.106\aws-java-sdk-elastictranscoder-1.11.106.jar;C:\Users\apoorv\.m2\repository\com\amazonaws\aws-java-sdk-ec2\1.11.106\aws-java-sdk-ec2-1.11.106.jar;C:\Users\apoorv\.m2\repository\com\amazonaws\aws-java-sdk-dynamodb\1.11.106\aws-java-sdk-dynamodb-1.11.106.jar;C:\Users\apoorv\.m2\repository\com\amazonaws\aws-java-sdk-sns\1.11.106\aws-java-sdk-sns-1.11.106.jar;C:\Users\apoorv\.m2\repository\com\amazonaws\aws-java-sdk-budgets\1.11.106\aws-java-sdk-budgets-1.11.106.jar;C:\Users\apoorv\.m2\repository\com\amazonaws\aws-java-sdk-cloudtrail\1.11.106\aws-java-sdk-cloudtrail-1.11.106.jar;C:\Users\apoorv\.m2\repository\com\amazonaws\aws-java-sdk-cloudwatch\1.11.106\aws-java-sdk-cloudwatch-1.11.106.jar;C:\Users\apoorv\.m2\repository\com\amazonaws\aws-java-sdk-logs\1.11.106\aws-java-sdk-logs-1.11.106.jar;C:\Users\apoorv\.m2\repository\com\amazonaws\aws-java-sdk-events\1.11.106\aws-java-sdk-events-1.11.106.jar;C:\Users\apoorv\.m2\repository\com\amazonaws\aws-java-sdk-cognitoidentity\1.11.106\aws-java-sdk-cognitoidentity-1.11.106.jar;C:\Users\apoorv\.m2\repository\com\amazonaws\aws-java-sdk-cognitosync\1.11.106\aws-java-sdk-cognitosync-1.11.106.jar;C:\Users\apoorv\.m2\repository\com\amazonaws\aws-java-sdk-directconnect\1.11.106\aws-java-sdk-directconnect-1.11.106.jar;C:\Users\apoorv\.m2\repository\com\amazonaws\aws-java-sdk-cloudformation\1.11.106\aws-java-sdk-cloudformation-1.11.106.jar;C:\Users\apoorv\.m2\repository\com\amazonaws\aws-java-sdk-cloudfront\1.11.106\aws-java-sdk-cloudfront-1.11.106.jar;C:\Users\apoorv\.m2\repository\com\amazonaws\aws-java-sdk-clouddirectory\1.11.106\aws-java-sdk-clouddirectory-1.11.106.jar;C:\Users\apoorv\.m2\repository\com\amazonaws\aws-java-sdk-kinesis\1.11.106\aws-java-sdk-kinesis-1.11.106.jar;C:\Users\apoorv\.m2\repository\com\amazonaws\aws-java-sdk-opsworks\1.11.106\aws-java-sdk-opsworks-1.11.106.jar;C:\Users\apoorv\.m2\repository\com\amazonaws\aws-java-sdk-ses\1.11.106\aws-java-sdk-ses-1.11.106.jar;C:\Users\apoorv\.m2\repository\com\amazonaws\aws-java-sdk-autoscaling\1.11.106\aws-java-sdk-autoscaling-1.11.106.jar;C:\Users\apoorv\.m2\repository\com\amazonaws\aws-java-sdk-cloudsearch\1.11.106\aws-java-sdk-cloudsearch-1.11.106.jar;C:\Users\apoorv\.m2\repository\com\amazonaws\aws-java-sdk-cloudwatchmetrics\1.11.106\aws-java-sdk-cloudwatchmetrics-1.11.106.jar;C:\Users\apoorv\.m2\repository\com\amazonaws\aws-java-sdk-codedeploy\1.11.106\aws-java-sdk-codedeploy-1.11.106.jar;C:\Users\apoorv\.m2\repository\com\amazonaws\aws-java-sdk-codepipeline\1.11.106\aws-java-sdk-codepipeline-1.11.106.jar;C:\Users\apoorv\.m2\repository\com\amazonaws\aws-java-sdk-kms\1.11.106\aws-java-sdk-kms-1.11.106.jar;C:\Users\apoorv\.m2\repository\com\amazonaws\aws-java-sdk-config\1.11.106\aws-java-sdk-config-1.11.106.jar;C:\Users\apoorv\.m2\repository\com\amazonaws\aws-java-sdk-lambda\1.11.106\aws-java-sdk-lambda-1.11.106.jar;C:\Users\apoorv\.m2\repository\com\amazonaws\aws-java-sdk-ecs\1.11.106\aws-java-sdk-ecs-1.11.106.jar;C:\Users\apoorv\.m2\repository\com\amazonaws\aws-java-sdk-ecr\1.11.106\aws-java-sdk-ecr-1.11.106.jar;C:\Users\apoorv\.m2\repository\com\amazonaws\aws-java-sdk-cloudhsm\1.11.106\aws-java-sdk-cloudhsm-1.11.106.jar;C:\Users\apoorv\.m2\repository\com\amazonaws\aws-java-sdk-ssm\1.11.106\aws-java-sdk-ssm-1.11.106.jar;C:\Users\apoorv\.m2\repository\com\amazonaws\aws-java-sdk-workspaces\1.11.106\aws-java-sdk-workspaces-1.11.106.jar;C:\Users\apoorv\.m2\repository\com\amazonaws\aws-java-sdk-machinelearning\1.11.106\aws-java-sdk-machinelearning-1.11.106.jar;C:\Users\apoorv\.m2\repository\com\amazonaws\aws-java-sdk-directory\1.11.106\aws-java-sdk-directory-1.11.106.jar;C:\Users\apoorv\.m2\repository\com\amazonaws\aws-java-sdk-efs\1.11.106\aws-java-sdk-efs-1.11.106.jar;C:\Users\apoorv\.m2\repository\com\amazonaws\aws-java-sdk-codecommit\1.11.106\aws-java-sdk-codecommit-1.11.106.jar;C:\Users\apoorv\.m2\repository\com\amazonaws\aws-java-sdk-devicefarm\1.11.106\aws-java-sdk-devicefarm-1.11.106.jar;C:\Users\apoorv\.m2\repository\com\amazonaws\aws-java-sdk-elasticsearch\1.11.106\aws-java-sdk-elasticsearch-1.11.106.jar;C:\Users\apoorv\.m2\repository\com\amazonaws\aws-java-sdk-waf\1.11.106\aws-java-sdk-waf-1.11.106.jar;C:\Users\apoorv\.m2\repository\com\amazonaws\aws-java-sdk-marketplacecommerceanalytics\1.11.106\aws-java-sdk-marketplacecommerceanalytics-1.11.106.jar;C:\Users\apoorv\.m2\repository\com\amazonaws\aws-java-sdk-inspector\1.11.106\aws-java-sdk-inspector-1.11.106.jar;C:\Users\apoorv\.m2\repository\com\amazonaws\aws-java-sdk-iot\1.11.106\aws-java-sdk-iot-1.11.106.jar;C:\Users\apoorv\.m2\repository\com\amazonaws\aws-java-sdk-api-gateway\1.11.106\aws-java-sdk-api-gateway-1.11.106.jar;C:\Users\apoorv\.m2\repository\com\amazonaws\aws-java-sdk-acm\1.11.106\aws-java-sdk-acm-1.11.106.jar;C:\Users\apoorv\.m2\repository\com\amazonaws\aws-java-sdk-gamelift\1.11.106\aws-java-sdk-gamelift-1.11.106.jar;C:\Users\apoorv\.m2\repository\com\amazonaws\aws-java-sdk-dms\1.11.106\aws-java-sdk-dms-1.11.106.jar;C:\Users\apoorv\.m2\repository\com\amazonaws\aws-java-sdk-marketplacemeteringservice\1.11.106\aws-java-sdk-marketplacemeteringservice-1.11.106.jar;C:\Users\apoorv\.m2\repository\com\amazonaws\aws-java-sdk-cognitoidp\1.11.106\aws-java-sdk-cognitoidp-1.11.106.jar;C:\Users\apoorv\.m2\repository\com\amazonaws\aws-java-sdk-discovery\1.11.106\aws-java-sdk-discovery-1.11.106.jar;C:\Users\apoorv\.m2\repository\com\amazonaws\aws-java-sdk-applicationautoscaling\1.11.106\aws-java-sdk-applicationautoscaling-1.11.106.jar;C:\Users\apoorv\.m2\repository\com\amazonaws\aws-java-sdk-snowball\1.11.106\aws-java-sdk-snowball-1.11.106.jar;C:\Users\apoorv\.m2\repository\com\amazonaws\aws-java-sdk-rekognition\1.11.106\aws-java-sdk-rekognition-1.11.106.jar;C:\Users\apoorv\.m2\repository\com\amazonaws\aws-java-sdk-polly\1.11.106\aws-java-sdk-polly-1.11.106.jar;C:\Users\apoorv\.m2\repository\com\amazonaws\aws-java-sdk-lightsail\1.11.106\aws-java-sdk-lightsail-1.11.106.jar;C:\Users\apoorv\.m2\repository\com\amazonaws\aws-java-sdk-stepfunctions\1.11.106\aws-java-sdk-stepfunctions-1.11.106.jar;C:\Users\apoorv\.m2\repository\com\amazonaws\aws-java-sdk-health\1.11.106\aws-java-sdk-health-1.11.106.jar;C:\Users\apoorv\.m2\repository\com\amazonaws\aws-java-sdk-costandusagereport\1.11.106\aws-java-sdk-costandusagereport-1.11.106.jar;C:\Users\apoorv\.m2\repository\com\amazonaws\aws-java-sdk-codebuild\1.11.106\aws-java-sdk-codebuild-1.11.106.jar;C:\Users\apoorv\.m2\repository\com\amazonaws\aws-java-sdk-appstream\1.11.106\aws-java-sdk-appstream-1.11.106.jar;C:\Users\apoorv\.m2\repository\com\amazonaws\aws-java-sdk-shield\1.11.106\aws-java-sdk-shield-1.11.106.jar;C:\Users\apoorv\.m2\repository\com\amazonaws\aws-java-sdk-batch\1.11.106\aws-java-sdk-batch-1.11.106.jar;C:\Users\apoorv\.m2\repository\com\amazonaws\aws-java-sdk-lex\1.11.106\aws-java-sdk-lex-1.11.106.jar;C:\Users\apoorv\.m2\repository\com\amazonaws\aws-java-sdk-mechanicalturkrequester\1.11.106\aws-java-sdk-mechanicalturkrequester-1.11.106.jar;C:\Users\apoorv\.m2\repository\com\amazonaws\aws-java-sdk-organizations\1.11.106\aws-java-sdk-organizations-1.11.106.jar;C:\Users\apoorv\.m2\repository\com\amazonaws\aws-java-sdk-workdocs\1.11.106\aws-java-sdk-workdocs-1.11.106.jar;C:\Users\apoorv\.m2\repository\com\amazonaws\aws-java-sdk-core\1.11.106\aws-java-sdk-core-1.11.106.jar;C:\Users\apoorv\.m2\repository\software\amazon\ion\ion-java\1.0.2\ion-java-1.0.2.jar;C:\Users\apoorv\.m2\repository\com\fasterxml\jackson\dataformat\jackson-dataformat-cbor\2.10.3\jackson-dataformat-cbor-2.10.3.jar;C:\Users\apoorv\.m2\repository\com\amazonaws\aws-java-sdk-models\1.11.106\aws-java-sdk-models-1.11.106.jar;C:\Users\apoorv\.m2\repository\com\amazonaws\aws-java-sdk-swf-libraries\1.11.22\aws-java-sdk-swf-libraries-1.11.22.jar;C:\Users\apoorv\.m2\repository\javax\xml\bind\jaxb-api\2.3.0\jaxb-api-2.3.0.jar;C:\Users\apoorv\.m2\repository\commons-fileupload\commons-fileupload\1.4\commons-fileupload-1.4.jar;C:\Users\apoorv\.m2\repository\commons-io\commons-io\2.2\commons-io-2.2.jar;C:\Users\apoorv\.m2\repository\commons-codec\commons-codec\1.15\commons-codec-1.15.jar;C:\Users\apoorv\.m2\repository\com\amazonaws\aws-java-sdk-s3\1.11.106\aws-java-sdk-s3-1.11.106.jar;C:\Users\apoorv\.m2\repository\com\amazonaws\jmespath-java\1.11.106\jmespath-java-1.11.106.jar;C:\Users\apoorv\.m2\repository\com\fasterxml\jackson\core\jackson-databind\2.10.3\jackson-databind-2.10.3.jar;C:\Users\apoorv\.m2\repository\com\fasterxml\jackson\core\jackson-annotations\2.10.3\jackson-annotations-2.10.3.jar;C:\Users\apoorv\.m2\repository\com\fasterxml\jackson\core\jackson-core\2.10.3\jackson-core-2.10.3.jar;"/>
    <property name="sun.cpu.endian" value="little"/>
    <property name="user.home" value="C:\Users\apoorv"/>
    <property name="user.language" value="en"/>
    <property name="java.specification.vendor" value="Oracle Corporation"/>
    <property name="java.home" value="C:\Program Files\Java\jdk1.8.0_291\jre"/>
    <property name="basedir" value="C:\Users\apoorv\Desktop\Github\cspl-commons"/>
    <property name="file.separator" value="\"/>
    <property name="line.separator" value="&#10;"/>
    <property name="java.vm.specification.vendor" value="Oracle Corporation"/>
    <property name="java.specification.name" value="Java Platform API Specification"/>
    <property name="java.awt.graphicsenv" value="sun.awt.Win32GraphicsEnvironment"/>
    <property name="surefire.real.class.path" value="C:\Users\apoorv\AppData\Local\Temp\surefire6601179845823796293\surefirebooter6498563713528042681.jar"/>
    <property name="sun.boot.class.path" value="C:\Program Files\Java\jdk1.8.0_291\jre\lib\resources.jar;C:\Program Files\Java\jdk1.8.0_291\jre\lib\rt.jar;C:\Program Files\Java\jdk1.8.0_291\jre\lib\sunrsasign.jar;C:\Program Files\Java\jdk1.8.0_291\jre\lib\jsse.jar;C:\Program Files\Java\jdk1.8.0_291\jre\lib\jce.jar;C:\Program Files\Java\jdk1.8.0_291\jre\lib\charsets.jar;C:\Program Files\Java\jdk1.8.0_291\jre\lib\jfr.jar;C:\Program Files\Java\jdk1.8.0_291\jre\classes"/>
    <property name="user.script" value=""/>
    <property name="sun.management.compiler" value="HotSpot 64-Bit Tiered Compilers"/>
    <property name="java.runtime.version" value="1.8.0_291-b10"/>
    <property name="user.name" value="apoorv"/>
    <property name="path.separator" value=";"/>
    <property name="os.version" value="10.0"/>
    <property name="java.endorsed.dirs" value="C:\Program Files\Java\jdk1.8.0_291\jre\lib\endorsed"/>
    <property name="java.runtime.name" value="Java(TM) SE Runtime Environment"/>
    <property name="file.encoding" value="Cp1252"/>
    <property name="java.vm.name" value="Java HotSpot(TM) 64-Bit Server VM"/>
    <property name="localRepository" value="C:\Users\apoorv\.m2\repository"/>
    <property name="java.vendor.url.bug" value="http://bugreport.sun.com/bugreport/"/>
    <property name="java.io.tmpdir" value="C:\Users\apoorv\AppData\Local\Temp\"/>
    <property name="java.version" value="1.8.0_291"/>
    <property name="user.dir" value="C:\Users\apoorv\Desktop\Github\cspl-commons"/>
    <property name="os.arch" value="amd64"/>
    <property name="java.vm.specification.name" value="Java Virtual Machine Specification"/>
    <property name="java.awt.printerjob" value="sun.awt.windows.WPrinterJob"/>
    <property name="sun.os.patch.level" value=""/>
    <property name="java.library.path" value="C:\Program Files\Java\jdk1.8.0_291\jre\bin;C:\WINDOWS\Sun\Java\bin;C:\WINDOWS\system32;C:\WINDOWS;C:\WINDOWS\system32;C:\WINDOWS;C:\WINDOWS\System32\Wbem;C:\WINDOWS\System32\WindowsPowerShell\v1.0\;C:\WINDOWS\System32\OpenSSH\;C:\Program Files\Git\cmd;JAVA_HOME;M2_HOME;C:\Users\apoorv\Downloads\apache-maven-3.8.1-bin\apache-maven-3.8.1\bin;C:\Program Files\MySQL\MySQL Shell 8.0\bin\;C:\Users\apoorv\AppData\Local\Microsoft\WindowsApps;C:\Users\apoorv\Downloads\apache-maven-3.8.1-bin\apache-maven-3.8.1\bin;C:\Users\apoorv\Downloads\apache-maven-3.8.1-bin\apache-maven-3.8.1;C:\Users\apoorv\AppData\Local\GitHubDesktop\bin;C:\Program Files\MongoDB\Server\4.4\bin;;."/>
    <property name="java.vm.info" value="mixed mode"/>
    <property name="java.vendor" value="Oracle Corporation"/>
    <property name="java.vm.version" value="25.291-b10"/>
    <property name="java.ext.dirs" value="C:\Program Files\Java\jdk1.8.0_291\jre\lib\ext;C:\WINDOWS\Sun\Java\lib\ext"/>
    <property name="sun.io.unicode.encoding" value="UnicodeLittle"/>
    <property name="java.class.version" value="52.0"/>
  </properties>
  <testcase name="contextLoads" classname="com.cspl.commons.CsplCommonsApplicationTests" time="0.51"/>
</testsuite>